<?xml version="1.0" encoding="UTF-8"?>
<testng-results ignored="0" total="1" passed="1" failed="0" skipped="0">
  <reporter-output>
  </reporter-output>
  <suite started-at="2024-03-01T15:23:16 IST" name="Default suite" finished-at="2024-03-01T15:26:36 IST" duration-ms="200328">
    <groups>
    </groups>
    <test started-at="2024-03-01T15:23:16 IST" name="Default test" finished-at="2024-03-01T15:26:36 IST" duration-ms="200328">
      <class name="identifyCourses.langlearning">
        <test-method is-config="true" signature="setup()[pri:0, instance:identifyCourses.langlearning@2d901eb0]" started-at="2024-03-01T15:23:16 IST" name="setup" finished-at="2024-03-01T15:23:48 IST" duration-ms="32247" status="PASS">
          <reporter-output>
          </reporter-output>
        </test-method> <!-- setup -->
        <test-method signature="languagelearning()[pri:0, instance:identifyCourses.langlearning@2d901eb0]" started-at="2024-03-01T15:23:48 IST" name="languagelearning" finished-at="2024-03-01T15:26:35 IST" duration-ms="166448" status="PASS">
          <reporter-output>
          </reporter-output>
        </test-method> <!-- languagelearning -->
        <test-method is-config="true" signature="closeBrowser()[pri:0, instance:identifyCourses.langlearning@2d901eb0]" started-at="2024-03-01T15:26:35 IST" name="closeBrowser" finished-at="2024-03-01T15:26:36 IST" duration-ms="1400" status="PASS">
          <reporter-output>
          </reporter-output>
        </test-method> <!-- closeBrowser -->
      </class> <!-- identifyCourses.langlearning -->
    </test> <!-- Default test -->
  </suite> <!-- Default suite -->
</testng-results>
